<?xml version="1.0" encoding="UTF-8"?>
<!-- Generated by org.testng.reporters.JUnitXMLReporter -->
<testsuite ignored="0" hostname="DESKTOP-4DMOVJI" failures="0" tests="4" name="Default test" time="0.085" errors="0" timestamp="2026-02-04T10:57:59 IST">
  <testcase classname="Hospital.Doctor" name="changepassword" time="0.012"/>
  <testcase classname="Hospital.Doctor" name="createaccount" time="0.002"/>
  <testcase classname="Hospital.Doctor" name="login" time="0.002"/>
  <testcase classname="Hospital.Doctor" name="logout" time="0.002"/>
</testsuite> <!-- Default test -->
