<?xml version="1.0" encoding="UTF-8"?>
<!-- Generated by org.testng.reporters.JUnitXMLReporter -->
<testsuite ignored="0" hostname="DESKTOP-4DMOVJI" failures="0" tests="4" name="Default test" time="0.086" errors="0" timestamp="2026-02-06T09:57:19 IST">
  <testcase classname="Hospital.Payment" name="DC" time="0.011"/>
  <testcase classname="Hospital.Payment" name="NB" time="0.002"/>
  <testcase classname="Hospital.Payment" name="UPI" time="0.002"/>
  <testcase classname="Hospital.Payment" name="cc" time="0.002"/>
</testsuite> <!-- Default test -->
