<?xml version="1.0" encoding="UTF-8"?>
<!-- Generated by org.testng.reporters.JUnitReportReporter -->
<testsuite hostname="DESKTOP-4DMOVJI" failures="0" tests="3" name="basic.P003_Dependency" time="0.020" errors="0" timestamp="2026-02-04T10:46:19 IST" skipped="0">
  <testcase classname="basic.P003_Dependency" name="Createaccount" time="0.016"/>
  <testcase classname="basic.P003_Dependency" name="Login" time="0.002"/>
  <testcase classname="basic.P003_Dependency" name="Profile" time="0.002"/>
</testsuite> <!-- basic.P003_Dependency -->
