<?xml version="1.0" encoding="UTF-8"?>
<!-- Generated by org.testng.reporters.JUnitReportReporter -->
<testsuite hostname="DESKTOP-4DMOVJI" failures="0" tests="4" name="Hospital.PatientAppointment" time="0.006" errors="0" timestamp="2026-02-04T11:03:20 IST" skipped="0">
  <testcase classname="Hospital.PatientAppointment" name="searchDoctor" time="0.001"/>
  <testcase classname="Hospital.PatientAppointment" name="filterDoctor" time="0.001"/>
  <testcase classname="Hospital.PatientAppointment" name="bookAppointment" time="0.002"/>
  <testcase classname="Hospital.PatientAppointment" name="checkAppointmentStatus" time="0.002"/>
</testsuite> <!-- Hospital.PatientAppointment -->
