<?xml version="1.0" encoding="UTF-8"?>
<!-- Generated by org.testng.reporters.JUnitReportReporter -->
<testsuite hostname="DESKTOP-4DMOVJI" failures="0" tests="4" name="Hospital.Doctor" time="0.021" errors="0" timestamp="2026-02-04T11:03:20 IST" skipped="0">
  <testcase classname="Hospital.Doctor" name="createaccount" time="0.003"/>
  <testcase classname="Hospital.Doctor" name="logout" time="0.002"/>
  <testcase classname="Hospital.Doctor" name="login" time="0.002"/>
  <testcase classname="Hospital.Doctor" name="changepassword" time="0.014"/>
</testsuite> <!-- Hospital.Doctor -->
