<?xml version="1.0" encoding="UTF-8"?>
<!-- Generated by org.testng.reporters.JUnitReportReporter -->
<testsuite hostname="DESKTOP-4DMOVJI" failures="0" tests="3" name="basic.P001_First" time="0.018" errors="0" timestamp="2026-02-04T10:07:46 IST" skipped="1">
  <testcase classname="basic.P001_First" name="test3" time="0.002"/>
  <testcase classname="basic.P001_First" name="test1" time="0.016"/>
  <testcase classname="basic.P001_First" name="test2">
    <skipped/>
  </testcase> <!-- test2 -->
</testsuite> <!-- basic.P001_First -->
