<?xml version="1.0" encoding="UTF-8"?>
<!-- Generated by org.testng.reporters.JUnitReportReporter -->
<testsuite hostname="DESKTOP-4DMOVJI" failures="0" tests="4" name="Hospital.DoctorAppointment" time="0.014" errors="0" timestamp="2026-02-04T11:03:20 IST" skipped="0">
  <testcase classname="Hospital.DoctorAppointment" name="checkPendingBookings" time="0.004"/>
  <testcase classname="Hospital.DoctorAppointment" name="searchPatient" time="0.003"/>
  <testcase classname="Hospital.DoctorAppointment" name="approveAppointment" time="0.002"/>
  <testcase classname="Hospital.DoctorAppointment" name="givePrescription" time="0.005"/>
</testsuite> <!-- Hospital.DoctorAppointment -->
