<?xml version="1.0" encoding="UTF-8"?>
<!-- Generated by org.testng.reporters.JUnitReportReporter -->
<testsuite hostname="DESKTOP-4DMOVJI" failures="0" tests="3" name="Hospital.Doctor" time="0.015" errors="0" timestamp="2026-02-06T10:10:18 IST" skipped="0">
  <testcase classname="Hospital.Doctor" name="changepassword" time="0.013"/>
  <testcase classname="Hospital.Doctor" name="login" time="0.001"/>
  <testcase classname="Hospital.Doctor" name="logout" time="0.001"/>
</testsuite> <!-- Hospital.Doctor -->
