<?xml version="1.0" encoding="UTF-8"?>
<!-- Generated by org.testng.reporters.JUnitReportReporter -->
<testsuite hostname="DESKTOP-4DMOVJI" failures="0" tests="5" name="basic.P002_Priority" time="0.020" errors="0" timestamp="2026-02-04T10:15:01 IST" skipped="0">
  <testcase classname="basic.P002_Priority" name="Createaccount" time="0.013"/>
  <testcase classname="basic.P002_Priority" name="ForgetPassword" time="0.002"/>
  <testcase classname="basic.P002_Priority" name="Profile" time="0.002"/>
  <testcase classname="basic.P002_Priority" name="ChangePassword" time="0.001"/>
  <testcase classname="basic.P002_Priority" name="Login" time="0.002"/>
</testsuite> <!-- basic.P002_Priority -->
