<?xml version="1.0" encoding="UTF-8"?>
<!-- Generated by org.testng.reporters.JUnitReportReporter -->
<testsuite hostname="DESKTOP-4DMOVJI" failures="0" tests="4" name="Hospital.Payment" time="0.006" errors="0" timestamp="2026-02-06T10:10:18 IST" skipped="0">
  <testcase classname="Hospital.Payment" name="DC" time="0.001"/>
  <testcase classname="Hospital.Payment" name="cc" time="0.002"/>
  <testcase classname="Hospital.Payment" name="NB" time="0.001"/>
  <testcase classname="Hospital.Payment" name="UPI" time="0.002"/>
</testsuite> <!-- Hospital.Payment -->
