<?xml version="1.0" encoding="UTF-8"?>
<!-- Generated by org.testng.reporters.JUnitReportReporter -->
<testsuite hostname="DESKTOP-4DMOVJI" failures="0" tests="4" name="Hospital.Patient" time="0.006" errors="0" timestamp="2026-02-06T10:10:18 IST" skipped="0">
  <testcase classname="Hospital.Patient" name="logout" time="0.001"/>
  <testcase classname="Hospital.Patient" name="changePassword" time="0.002"/>
  <testcase classname="Hospital.Patient" name="createAccount" time="0.001"/>
  <testcase classname="Hospital.Patient" name="login" time="0.002"/>
</testsuite> <!-- Hospital.Patient -->
