<?xml version="1.0" encoding="UTF-8"?>
<!-- Generated by org.testng.reporters.JUnitXMLReporter -->
<testsuite ignored="0" hostname="DESKTOP-4DMOVJI" failures="0" tests="16" name="Test" time="0.161" errors="0" timestamp="2026-02-04T11:03:20 IST">
  <testcase classname="Hospital.Doctor" name="changepassword" time="0.014"/>
  <testcase classname="Hospital.Doctor" name="createaccount" time="0.003"/>
  <testcase classname="Hospital.Doctor" name="login" time="0.002"/>
  <testcase classname="Hospital.Doctor" name="logout" time="0.002"/>
  <testcase classname="Hospital.DoctorAppointment" name="approveAppointment" time="0.002"/>
  <testcase classname="Hospital.DoctorAppointment" name="checkPendingBookings" time="0.004"/>
  <testcase classname="Hospital.DoctorAppointment" name="givePrescription" time="0.005"/>
  <testcase classname="Hospital.DoctorAppointment" name="searchPatient" time="0.003"/>
  <testcase classname="Hospital.PatientAppointment" name="bookAppointment" time="0.002"/>
  <testcase classname="Hospital.PatientAppointment" name="checkAppointmentStatus" time="0.002"/>
  <testcase classname="Hospital.PatientAppointment" name="filterDoctor" time="0.001"/>
  <testcase classname="Hospital.PatientAppointment" name="searchDoctor" time="0.001"/>
  <testcase classname="Hospital.Patient" name="changePassword" time="0.001"/>
  <testcase classname="Hospital.Patient" name="createAccount" time="0.002"/>
  <testcase classname="Hospital.Patient" name="login" time="0.002"/>
  <testcase classname="Hospital.Patient" name="logout" time="0.001"/>
</testsuite> <!-- Test -->
